android/app/build/intermediates/manifest_merge_blame_file/debug/processDebugMainManifest/manifest-merger-blame-debug-report.txt
1<?xml version="1.0" encoding="utf-8"?>
2<manifest xmlns:android="http://schemas.android.com/apk/res/android"
3    package="com.harsh.x32.myapp"
4    android:versionCode="1"
5    android:versionName="1.0.0" >
6
7    <uses-sdk
8        android:minSdkVersion="24"
9        android:targetSdkVersion="36" />
10
11    <uses-permission android:name="android.permission.SYSTEM_ALERT_WINDOW" />
11-->src/main/AndroidManifest.xml:4:3-75
11-->src/main/AndroidManifest.xml:4:20-73
12    <uses-permission android:name="android.permission.INTERNET" />
12-->src/main/AndroidManifest.xml:2:3-64
12-->src/main/AndroidManifest.xml:2:20-62
13    <uses-permission
13-->src/main/AndroidManifest.xml:3:3-142
14        android:name="android.permission.READ_EXTERNAL_STORAGE"
14-->src/main/AndroidManifest.xml:3:20-75
15        android:maxSdkVersion="32" />
15-->src/main/AndroidManifest.xml:3:76-102
16    <uses-permission android:name="android.permission.VIBRATE" />
16-->src/main/AndroidManifest.xml:5:3-63
16-->src/main/AndroidManifest.xml:5:20-61
17    <uses-permission
17-->src/main/AndroidManifest.xml:6:3-143
18        android:name="android.permission.WRITE_EXTERNAL_STORAGE"
18-->src/main/AndroidManifest.xml:6:20-76
19        android:maxSdkVersion="32" />
19-->src/main/AndroidManifest.xml:6:77-103
20
21    <queries>
21-->src/main/AndroidManifest.xml:7:3-13:13
22        <intent>
22-->src/main/AndroidManifest.xml:8:5-12:14
23            <action android:name="android.intent.action.VIEW" />
23-->src/main/AndroidManifest.xml:9:7-58
23-->src/main/AndroidManifest.xml:9:15-56
24
25            <category android:name="android.intent.category.BROWSABLE" />
25-->src/main/AndroidManifest.xml:10:7-67
25-->src/main/AndroidManifest.xml:10:17-65
26
27            <data android:scheme="https" />
27-->src/main/AndroidManifest.xml:11:7-37
27-->src/main/AndroidManifest.xml:11:13-35
28        </intent>
29
30        <package android:name="host.exp.exponent" /> <!-- Query open documents -->
30-->[:expo-dev-launcher] AndroidManifest.xml:10:9-53
30-->[:expo-dev-launcher] AndroidManifest.xml:10:18-50
31        <intent>
31-->[host.exp.exponent:expo.modules.filesystem:57.0.4] AndroidManifest.xml:19:9-21:18
32            <action android:name="android.intent.action.OPEN_DOCUMENT_TREE" />
32-->[host.exp.exponent:expo.modules.filesystem:57.0.4] AndroidManifest.xml:20:13-79
32-->[host.exp.exponent:expo.modules.filesystem:57.0.4] AndroidManifest.xml:20:21-76
33        </intent>
34    </queries>
35
36    <uses-permission android:name="android.permission.CHANGE_WIFI_MULTICAST_STATE" />
36-->[:expo-dev-launcher] AndroidManifest.xml:7:5-86
36-->[:expo-dev-launcher] AndroidManifest.xml:7:22-83
37
38    <permission
38-->[androidx.core:core:1.17.0] AndroidManifest.xml:22:5-24:47
39        android:name="com.harsh.x32.myapp.DYNAMIC_RECEIVER_NOT_EXPORTED_PERMISSION"
39-->[androidx.core:core:1.17.0] AndroidManifest.xml:23:9-81
40        android:protectionLevel="signature" />
40-->[androidx.core:core:1.17.0] AndroidManifest.xml:24:9-44
41
42    <uses-permission android:name="com.harsh.x32.myapp.DYNAMIC_RECEIVER_NOT_EXPORTED_PERMISSION" /> <!-- Although the *SdkVersion is captured in gradle build files, this is required for non gradle builds -->
42-->[androidx.core:core:1.17.0] AndroidManifest.xml:26:5-97
42-->[androidx.core:core:1.17.0] AndroidManifest.xml:26:22-94
43    <!-- <uses-sdk android:minSdkVersion="14"/> -->
44    <uses-permission android:name="android.permission.ACCESS_NETWORK_STATE" />
44-->[com.google.android.datatransport:transport-backend-cct:2.3.3] AndroidManifest.xml:25:5-79
44-->[com.google.android.datatransport:transport-backend-cct:2.3.3] AndroidManifest.xml:25:22-76
45
46    <application
46-->src/main/AndroidManifest.xml:14:3-25:17
47        android:name="com.harsh.x32.myapp.MainApplication"
47-->src/main/AndroidManifest.xml:14:16-47
48        android:allowBackup="true"
48-->src/main/AndroidManifest.xml:14:162-188
49        android:appComponentFactory="androidx.core.app.CoreComponentFactory"
49-->[androidx.core:core:1.17.0] AndroidManifest.xml:28:18-86
50        android:debuggable="true"
51        android:enableOnBackInvokedCallback="false"
51-->src/main/AndroidManifest.xml:14:248-291
52        android:extractNativeLibs="false"
53        android:icon="@mipmap/ic_launcher"
53-->src/main/AndroidManifest.xml:14:81-115
54        android:label="@string/app_name"
54-->src/main/AndroidManifest.xml:14:48-80
55        android:roundIcon="@mipmap/ic_launcher_round"
55-->src/main/AndroidManifest.xml:14:116-161
56        android:supportsRtl="true"
56-->src/main/AndroidManifest.xml:14:221-247
57        android:theme="@style/AppTheme"
57-->src/main/AndroidManifest.xml:14:189-220
58        android:usesCleartextTraffic="true" >
58-->src/debug/AndroidManifest.xml:6:18-53
59        <meta-data
59-->src/main/AndroidManifest.xml:15:5-83
60            android:name="expo.modules.updates.ENABLED"
60-->src/main/AndroidManifest.xml:15:16-59
61            android:value="false" />
61-->src/main/AndroidManifest.xml:15:60-81
62        <meta-data
62-->src/main/AndroidManifest.xml:16:5-102
63            android:name="expo.modules.updates.ENABLE_BSDIFF_PATCH_SUPPORT"
63-->src/main/AndroidManifest.xml:16:16-79
64            android:value="true" />
64-->src/main/AndroidManifest.xml:16:80-100
65        <meta-data
65-->src/main/AndroidManifest.xml:17:5-105
66            android:name="expo.modules.updates.EXPO_UPDATES_CHECK_ON_LAUNCH"
66-->src/main/AndroidManifest.xml:17:16-80
67            android:value="ALWAYS" />
67-->src/main/AndroidManifest.xml:17:81-103
68        <meta-data
68-->src/main/AndroidManifest.xml:18:5-99
69            android:name="expo.modules.updates.EXPO_UPDATES_LAUNCH_WAIT_MS"
69-->src/main/AndroidManifest.xml:18:16-79
70            android:value="0" />
70-->src/main/AndroidManifest.xml:18:80-97
71
72        <activity
72-->src/main/AndroidManifest.xml:19:5-24:16
73            android:name="com.harsh.x32.myapp.MainActivity"
73-->src/main/AndroidManifest.xml:19:15-43
74            android:configChanges="keyboard|keyboardHidden|orientation|screenSize|screenLayout|uiMode|smallestScreenSize|assetsPaths"
74-->src/main/AndroidManifest.xml:19:44-165
75            android:exported="true"
75-->src/main/AndroidManifest.xml:19:287-310
76            android:launchMode="singleTask"
76-->src/main/AndroidManifest.xml:19:166-197
77            android:screenOrientation="portrait"
77-->src/main/AndroidManifest.xml:19:311-347
78            android:theme="@style/Theme.App.SplashScreen"
78-->src/main/AndroidManifest.xml:19:241-286
79            android:windowSoftInputMode="adjustResize" >
79-->src/main/AndroidManifest.xml:19:198-240
80            <intent-filter>
80-->src/main/AndroidManifest.xml:20:7-23:23
81                <action android:name="android.intent.action.MAIN" />
81-->src/main/AndroidManifest.xml:21:9-60
81-->src/main/AndroidManifest.xml:21:17-58
82
83                <category android:name="android.intent.category.LAUNCHER" />
83-->src/main/AndroidManifest.xml:22:9-68
83-->src/main/AndroidManifest.xml:22:19-66
84            </intent-filter>
85        </activity>
86
87        <meta-data
87-->[:expo-dev-launcher] AndroidManifest.xml:14:9-16:42
88            android:name="com.google.mlkit.vision.DEPENDENCIES"
88-->[:expo-dev-launcher] AndroidManifest.xml:15:13-64
89            android:value="barcode_ui" />
89-->[:expo-dev-launcher] AndroidManifest.xml:16:13-39
90
91        <activity
91-->[:expo-dev-launcher] AndroidManifest.xml:18:9-22:75
92            android:name="expo.modules.devlauncher.launcher.DevLauncherActivity"
92-->[:expo-dev-launcher] AndroidManifest.xml:19:13-81
93            android:exported="true"
93-->[:expo-dev-launcher] AndroidManifest.xml:20:13-36
94            android:launchMode="singleTask"
94-->[:expo-dev-launcher] AndroidManifest.xml:21:13-44
95            android:theme="@style/Theme.AppCompat.DayNight.NoActionBar" />
95-->[:expo-dev-launcher] AndroidManifest.xml:22:13-72
96        <activity
96-->[:expo-dev-launcher] AndroidManifest.xml:23:9-36:20
97            android:name="expo.modules.devlauncher.compose.AuthActivity"
97-->[:expo-dev-launcher] AndroidManifest.xml:24:13-73
98            android:exported="true"
98-->[:expo-dev-launcher] AndroidManifest.xml:25:13-36
99            android:launchMode="singleTask"
99-->[:expo-dev-launcher] AndroidManifest.xml:26:13-44
100            android:theme="@style/Theme.AppCompat.DayNight.NoActionBar" >
100-->[:expo-dev-launcher] AndroidManifest.xml:27:13-72
101            <intent-filter>
101-->[:expo-dev-launcher] AndroidManifest.xml:28:13-35:29
102                <action android:name="android.intent.action.VIEW" />
102-->src/main/AndroidManifest.xml:9:7-58
102-->src/main/AndroidManifest.xml:9:15-56
103
104                <category android:name="android.intent.category.DEFAULT" />
104-->[:expo-dev-launcher] AndroidManifest.xml:31:17-76
104-->[:expo-dev-launcher] AndroidManifest.xml:31:27-73
105                <category android:name="android.intent.category.BROWSABLE" />
105-->src/main/AndroidManifest.xml:10:7-67
105-->src/main/AndroidManifest.xml:10:17-65
106
107                <data android:scheme="expo-dev-launcher" />
107-->src/main/AndroidManifest.xml:11:7-37
107-->src/main/AndroidManifest.xml:11:13-35
108            </intent-filter>
109        </activity>
110        <activity
110-->[:expo-dev-launcher] AndroidManifest.xml:37:9-40:70
111            android:name="expo.modules.devlauncher.launcher.errors.DevLauncherErrorActivity"
111-->[:expo-dev-launcher] AndroidManifest.xml:38:13-93
112            android:screenOrientation="portrait"
112-->[:expo-dev-launcher] AndroidManifest.xml:39:13-49
113            android:theme="@style/Theme.DevLauncher.ErrorActivity" />
113-->[:expo-dev-launcher] AndroidManifest.xml:40:13-67
114
115        <meta-data
115-->[:expo-modules-core] AndroidManifest.xml:9:9-11:89
116            android:name="org.unimodules.core.AppLoader#react-native-headless"
116-->[:expo-modules-core] AndroidManifest.xml:10:13-79
117            android:value="expo.modules.adapters.react.apploader.RNHeadlessAppLoader" />
117-->[:expo-modules-core] AndroidManifest.xml:11:13-86
118        <meta-data
118-->[:expo-modules-core] AndroidManifest.xml:12:9-15:45
119            android:name="com.facebook.soloader.enabled"
119-->[:expo-modules-core] AndroidManifest.xml:13:13-57
120            android:value="true" />
120-->[:expo-modules-core] AndroidManifest.xml:14:13-33
121
122        <provider
122-->[host.exp.exponent:expo.modules.filesystem:57.0.4] AndroidManifest.xml:25:9-34:20
123            android:name="expo.modules.filesystem.FileSystemFileProvider"
123-->[host.exp.exponent:expo.modules.filesystem:57.0.4] AndroidManifest.xml:26:13-74
124            android:authorities="com.harsh.x32.myapp.FileSystemFileProvider"
124-->[host.exp.exponent:expo.modules.filesystem:57.0.4] AndroidManifest.xml:27:13-74
125            android:exported="false"
125-->[host.exp.exponent:expo.modules.filesystem:57.0.4] AndroidManifest.xml:28:13-37
126            android:grantUriPermissions="true" >
126-->[host.exp.exponent:expo.modules.filesystem:57.0.4] AndroidManifest.xml:29:13-47
127            <meta-data
127-->[host.exp.exponent:expo.modules.filesystem:57.0.4] AndroidManifest.xml:31:13-33:70
128                android:name="android.support.FILE_PROVIDER_PATHS"
128-->[host.exp.exponent:expo.modules.filesystem:57.0.4] AndroidManifest.xml:32:17-67
129                android:resource="@xml/file_system_provider_paths" />
129-->[host.exp.exponent:expo.modules.filesystem:57.0.4] AndroidManifest.xml:33:17-67
130        </provider>
131
132        <activity
132-->[com.facebook.react:react-android:0.86.2] AndroidManifest.xml:19:9-21:40
133            android:name="com.facebook.react.devsupport.DevSettingsActivity"
133-->[com.facebook.react:react-android:0.86.2] AndroidManifest.xml:20:13-77
134            android:exported="false" />
134-->[com.facebook.react:react-android:0.86.2] AndroidManifest.xml:21:13-37
135
136        <uses-library
136-->[androidx.window:window:1.5.1] AndroidManifest.xml:23:9-25:40
137            android:name="androidx.window.extensions"
137-->[androidx.window:window:1.5.1] AndroidManifest.xml:24:13-54
138            android:required="false" />
138-->[androidx.window:window:1.5.1] AndroidManifest.xml:25:13-37
139        <uses-library
139-->[androidx.window:window:1.5.1] AndroidManifest.xml:26:9-28:40
140            android:name="androidx.window.sidecar"
140-->[androidx.window:window:1.5.1] AndroidManifest.xml:27:13-51
141            android:required="false" />
141-->[androidx.window:window:1.5.1] AndroidManifest.xml:28:13-37
142        <!--
143        This activity is an invisible delegate activity to start scanner activity
144        and receive result, so it's unnecessary to support screen orientation and
145        we can avoid any side effect from activity recreation in any case.
146        -->
147        <activity
147-->[com.google.android.gms:play-services-code-scanner:16.1.0] AndroidManifest.xml:15:9-20:20
148            android:name="com.google.mlkit.vision.codescanner.internal.GmsBarcodeScanningDelegateActivity"
148-->[com.google.android.gms:play-services-code-scanner:16.1.0] AndroidManifest.xml:16:13-107
149            android:exported="false"
149-->[com.google.android.gms:play-services-code-scanner:16.1.0] AndroidManifest.xml:17:13-37
150            android:screenOrientation="portrait" >
150-->[com.google.android.gms:play-services-code-scanner:16.1.0] AndroidManifest.xml:18:13-49
151        </activity>
152
153        <service
153-->[com.google.android.gms:play-services-mlkit-barcode-scanning:18.3.1] AndroidManifest.xml:9:9-15:19
154            android:name="com.google.mlkit.common.internal.MlKitComponentDiscoveryService"
154-->[com.google.android.gms:play-services-mlkit-barcode-scanning:18.3.1] AndroidManifest.xml:10:13-91
155            android:directBootAware="true"
155-->[com.google.mlkit:common:18.11.0] AndroidManifest.xml:17:13-43
156            android:exported="false" >
156-->[com.google.android.gms:play-services-mlkit-barcode-scanning:18.3.1] AndroidManifest.xml:11:13-37
157            <meta-data
157-->[com.google.android.gms:play-services-mlkit-barcode-scanning:18.3.1] AndroidManifest.xml:12:13-14:85
158                android:name="com.google.firebase.components:com.google.mlkit.vision.barcode.internal.BarcodeRegistrar"
158-->[com.google.android.gms:play-services-mlkit-barcode-scanning:18.3.1] AndroidManifest.xml:13:17-120
159                android:value="com.google.firebase.components.ComponentRegistrar" />
159-->[com.google.android.gms:play-services-mlkit-barcode-scanning:18.3.1] AndroidManifest.xml:14:17-82
160            <meta-data
160-->[com.google.mlkit:vision-common:17.3.0] AndroidManifest.xml:12:13-14:85
161                android:name="com.google.firebase.components:com.google.mlkit.vision.common.internal.VisionCommonRegistrar"
161-->[com.google.mlkit:vision-common:17.3.0] AndroidManifest.xml:13:17-124
162                android:value="com.google.firebase.components.ComponentRegistrar" />
162-->[com.google.mlkit:vision-common:17.3.0] AndroidManifest.xml:14:17-82
163            <meta-data
163-->[com.google.mlkit:common:18.11.0] AndroidManifest.xml:20:13-22:85
164                android:name="com.google.firebase.components:com.google.mlkit.common.internal.CommonComponentRegistrar"
164-->[com.google.mlkit:common:18.11.0] AndroidManifest.xml:21:17-120
165                android:value="com.google.firebase.components.ComponentRegistrar" />
165-->[com.google.mlkit:common:18.11.0] AndroidManifest.xml:22:17-82
166        </service>
167
168        <provider
168-->[com.google.mlkit:common:18.11.0] AndroidManifest.xml:9:9-13:38
169            android:name="com.google.mlkit.common.internal.MlKitInitProvider"
169-->[com.google.mlkit:common:18.11.0] AndroidManifest.xml:10:13-78
170            android:authorities="com.harsh.x32.myapp.mlkitinitprovider"
170-->[com.google.mlkit:common:18.11.0] AndroidManifest.xml:11:13-69
171            android:exported="false"
171-->[com.google.mlkit:common:18.11.0] AndroidManifest.xml:12:13-37
172            android:initOrder="99" />
172-->[com.google.mlkit:common:18.11.0] AndroidManifest.xml:13:13-35
173
174        <activity
174-->[com.google.android.gms:play-services-base:18.5.0] AndroidManifest.xml:5:9-173
175            android:name="com.google.android.gms.common.api.GoogleApiActivity"
175-->[com.google.android.gms:play-services-base:18.5.0] AndroidManifest.xml:5:19-85
176            android:exported="false"
176-->[com.google.android.gms:play-services-base:18.5.0] AndroidManifest.xml:5:146-170
177            android:theme="@android:style/Theme.Translucent.NoTitleBar" />
177-->[com.google.android.gms:play-services-base:18.5.0] AndroidManifest.xml:5:86-145
178
179        <meta-data
179-->[com.google.android.gms:play-services-basement:18.4.0] AndroidManifest.xml:6:9-122
180            android:name="com.google.android.gms.version"
180-->[com.google.android.gms:play-services-basement:18.4.0] AndroidManifest.xml:6:20-65
181            android:value="@integer/google_play_services_version" />
181-->[com.google.android.gms:play-services-basement:18.4.0] AndroidManifest.xml:6:66-119
182
183        <provider
183-->[org.jetbrains.compose.components:components-resources-android:1.9.0] AndroidManifest.xml:8:9-13:20
184            android:name="org.jetbrains.compose.resources.AndroidContextProvider"
184-->[org.jetbrains.compose.components:components-resources-android:1.9.0] AndroidManifest.xml:9:13-82
185            android:authorities="com.harsh.x32.myapp.resources.AndroidContextProvider"
185-->[org.jetbrains.compose.components:components-resources-android:1.9.0] AndroidManifest.xml:10:13-84
186            android:enabled="true"
186-->[org.jetbrains.compose.components:components-resources-android:1.9.0] AndroidManifest.xml:11:13-35
187            android:exported="false" >
187-->[org.jetbrains.compose.components:components-resources-android:1.9.0] AndroidManifest.xml:12:13-37
188        </provider>
189
190        <activity
190-->[androidx.compose.ui:ui-tooling-android:1.9.3] AndroidManifest.xml:23:9-25:39
191            android:name="androidx.compose.ui.tooling.PreviewActivity"
191-->[androidx.compose.ui:ui-tooling-android:1.9.3] AndroidManifest.xml:24:13-71
192            android:exported="true" />
192-->[androidx.compose.ui:ui-tooling-android:1.9.3] AndroidManifest.xml:25:13-36
193
194        <provider
194-->[androidx.emoji2:emoji2:1.4.0] AndroidManifest.xml:24:9-32:20
195            android:name="androidx.startup.InitializationProvider"
195-->[androidx.emoji2:emoji2:1.4.0] AndroidManifest.xml:25:13-67
196            android:authorities="com.harsh.x32.myapp.androidx-startup"
196-->[androidx.emoji2:emoji2:1.4.0] AndroidManifest.xml:26:13-68
197            android:exported="false" >
197-->[androidx.emoji2:emoji2:1.4.0] AndroidManifest.xml:27:13-37
198            <meta-data
198-->[androidx.emoji2:emoji2:1.4.0] AndroidManifest.xml:29:13-31:52
199                android:name="androidx.emoji2.text.EmojiCompatInitializer"
199-->[androidx.emoji2:emoji2:1.4.0] AndroidManifest.xml:30:17-75
200                android:value="androidx.startup" />
200-->[androidx.emoji2:emoji2:1.4.0] AndroidManifest.xml:31:17-49
201            <meta-data
201-->[androidx.lifecycle:lifecycle-process:2.10.0] AndroidManifest.xml:29:13-31:52
202                android:name="androidx.lifecycle.ProcessLifecycleInitializer"
202-->[androidx.lifecycle:lifecycle-process:2.10.0] AndroidManifest.xml:30:17-78
203                android:value="androidx.startup" />
203-->[androidx.lifecycle:lifecycle-process:2.10.0] AndroidManifest.xml:31:17-49
204            <meta-data
204-->[androidx.profileinstaller:profileinstaller:1.4.0] AndroidManifest.xml:29:13-31:52
205                android:name="androidx.profileinstaller.ProfileInstallerInitializer"
205-->[androidx.profileinstaller:profileinstaller:1.4.0] AndroidManifest.xml:30:17-85
206                android:value="androidx.startup" />
206-->[androidx.profileinstaller:profileinstaller:1.4.0] AndroidManifest.xml:31:17-49
207        </provider>
208
209        <receiver
209-->[androidx.profileinstaller:profileinstaller:1.4.0] AndroidManifest.xml:34:9-52:20
210            android:name="androidx.profileinstaller.ProfileInstallReceiver"
210-->[androidx.profileinstaller:profileinstaller:1.4.0] AndroidManifest.xml:35:13-76
211            android:directBootAware="false"
211-->[androidx.profileinstaller:profileinstaller:1.4.0] AndroidManifest.xml:36:13-44
212            android:enabled="true"
212-->[androidx.profileinstaller:profileinstaller:1.4.0] AndroidManifest.xml:37:13-35
213            android:exported="true"
213-->[androidx.profileinstaller:profileinstaller:1.4.0] AndroidManifest.xml:38:13-36
214            android:permission="android.permission.DUMP" >
214-->[androidx.profileinstaller:profileinstaller:1.4.0] AndroidManifest.xml:39:13-57
215            <intent-filter>
215-->[androidx.profileinstaller:profileinstaller:1.4.0] AndroidManifest.xml:40:13-42:29
216                <action android:name="androidx.profileinstaller.action.INSTALL_PROFILE" />
216-->[androidx.profileinstaller:profileinstaller:1.4.0] AndroidManifest.xml:41:17-91
216-->[androidx.profileinstaller:profileinstaller:1.4.0] AndroidManifest.xml:41:25-88
217            </intent-filter>
218            <intent-filter>
218-->[androidx.profileinstaller:profileinstaller:1.4.0] AndroidManifest.xml:43:13-45:29
219                <action android:name="androidx.profileinstaller.action.SKIP_FILE" />
219-->[androidx.profileinstaller:profileinstaller:1.4.0] AndroidManifest.xml:44:17-85
219-->[androidx.profileinstaller:profileinstaller:1.4.0] AndroidManifest.xml:44:25-82
220            </intent-filter>
221            <intent-filter>
221-->[androidx.profileinstaller:profileinstaller:1.4.0] AndroidManifest.xml:46:13-48:29
222                <action android:name="androidx.profileinstaller.action.SAVE_PROFILE" />
222-->[androidx.profileinstaller:profileinstaller:1.4.0] AndroidManifest.xml:47:17-88
222-->[androidx.profileinstaller:profileinstaller:1.4.0] AndroidManifest.xml:47:25-85
223            </intent-filter>
224            <intent-filter>
224-->[androidx.profileinstaller:profileinstaller:1.4.0] AndroidManifest.xml:49:13-51:29
225                <action android:name="androidx.profileinstaller.action.BENCHMARK_OPERATION" />
225-->[androidx.profileinstaller:profileinstaller:1.4.0] AndroidManifest.xml:50:17-95
225-->[androidx.profileinstaller:profileinstaller:1.4.0] AndroidManifest.xml:50:25-92
226            </intent-filter>
227        </receiver>
228
229        <service
229-->[com.google.android.datatransport:transport-backend-cct:2.3.3] AndroidManifest.xml:29:9-35:19
230            android:name="com.google.android.datatransport.runtime.backends.TransportBackendDiscovery"
230-->[com.google.android.datatransport:transport-backend-cct:2.3.3] AndroidManifest.xml:30:13-103
231            android:exported="false" >
231-->[com.google.android.datatransport:transport-backend-cct:2.3.3] AndroidManifest.xml:31:13-37
232            <meta-data
232-->[com.google.android.datatransport:transport-backend-cct:2.3.3] AndroidManifest.xml:32:13-34:39
233                android:name="backend:com.google.android.datatransport.cct.CctBackendFactory"
233-->[com.google.android.datatransport:transport-backend-cct:2.3.3] AndroidManifest.xml:33:17-94
234                android:value="cct" />
234-->[com.google.android.datatransport:transport-backend-cct:2.3.3] AndroidManifest.xml:34:17-36
235        </service>
236        <service
236-->[com.google.android.datatransport:transport-runtime:2.2.6] AndroidManifest.xml:26:9-30:19
237            android:name="com.google.android.datatransport.runtime.scheduling.jobscheduling.JobInfoSchedulerService"
237-->[com.google.android.datatransport:transport-runtime:2.2.6] AndroidManifest.xml:27:13-117
238            android:exported="false"
238-->[com.google.android.datatransport:transport-runtime:2.2.6] AndroidManifest.xml:28:13-37
239            android:permission="android.permission.BIND_JOB_SERVICE" >
239-->[com.google.android.datatransport:transport-runtime:2.2.6] AndroidManifest.xml:29:13-69
240        </service>
241
242        <receiver
242-->[com.google.android.datatransport:transport-runtime:2.2.6] AndroidManifest.xml:32:9-34:40
243            android:name="com.google.android.datatransport.runtime.scheduling.jobscheduling.AlarmManagerSchedulerBroadcastReceiver"
243-->[com.google.android.datatransport:transport-runtime:2.2.6] AndroidManifest.xml:33:13-132
244            android:exported="false" />
244-->[com.google.android.datatransport:transport-runtime:2.2.6] AndroidManifest.xml:34:13-37
245    </application>
246
247</manifest>